<?xml version="1.0" encoding="UTF-8"?>
<testng-results skipped="0" failed="1" total="8" passed="7">
  <reporter-output>
  </reporter-output>
  <suite name="Default suite" duration-ms="19323" started-at="2016-06-29T11:43:12Z" finished-at="2016-06-29T11:43:31Z">
    <groups>
    </groups>
    <test name="Default test" duration-ms="19323" started-at="2016-06-29T11:43:12Z" finished-at="2016-06-29T11:43:31Z">
      <class name="tests.DemoTest">
        <test-method status="PASS" signature="openFireFox()[pri:0, instance:tests.DemoTest@7823a2f9]" name="openFireFox" is-config="true" duration-ms="9829" started-at="2016-06-29T17:13:12Z" finished-at="2016-06-29T17:13:22Z">
          <reporter-output>
          </reporter-output>
        </test-method> <!-- openFireFox -->
        <test-method status="PASS" signature="LoginTest()[pri:0, instance:tests.DemoTest@7823a2f9]" name="LoginTest" duration-ms="484" started-at="2016-06-29T17:13:22Z" description="simple login" finished-at="2016-06-29T17:13:22Z">
          <reporter-output>
          </reporter-output>
        </test-method> <!-- LoginTest -->
        <test-method status="PASS" signature="OpenProfilePage()[pri:0, instance:tests.DemoTest@7823a2f9]" name="OpenProfilePage" duration-ms="1334" started-at="2016-06-29T17:13:22Z" description="Open profile page" finished-at="2016-06-29T17:13:23Z">
          <reporter-output>
          </reporter-output>
        </test-method> <!-- OpenProfilePage -->
        <test-method status="PASS" signature="fillSection1()[pri:0, instance:tests.DemoTest@7823a2f9]" name="fillSection1" duration-ms="2754" started-at="2016-06-29T17:13:23Z" description="who are you?" finished-at="2016-06-29T17:13:26Z">
          <reporter-output>
          </reporter-output>
        </test-method> <!-- fillSection1 -->
        <test-method status="PASS" signature="fillSection2()[pri:0, instance:tests.DemoTest@7823a2f9]" name="fillSection2" duration-ms="966" started-at="2016-06-29T17:13:26Z" description="where are you studying?" finished-at="2016-06-29T17:13:27Z">
          <reporter-output>
          </reporter-output>
        </test-method> <!-- fillSection2 -->
        <test-method status="PASS" signature="fillSection3()[pri:0, instance:tests.DemoTest@7823a2f9]" name="fillSection3" duration-ms="561" started-at="2016-06-29T17:13:27Z" description="A few more details about you" finished-at="2016-06-29T17:13:28Z">
          <reporter-output>
          </reporter-output>
        </test-method> <!-- fillSection3 -->
        <test-method status="PASS" signature="fillSection4()[pri:0, instance:tests.DemoTest@7823a2f9]" name="fillSection4" duration-ms="585" started-at="2016-06-29T17:13:28Z" description="Where do you stay" finished-at="2016-06-29T17:13:28Z">
          <reporter-output>
          </reporter-output>
        </test-method> <!-- fillSection4 -->
        <test-method status="PASS" signature="fillSection5()[pri:0, instance:tests.DemoTest@7823a2f9]" name="fillSection5" duration-ms="476" started-at="2016-06-29T17:13:28Z" description="Details about your family" finished-at="2016-06-29T17:13:29Z">
          <reporter-output>
          </reporter-output>
        </test-method> <!-- fillSection5 -->
        <test-method status="FAIL" signature="fillSection6()[pri:0, instance:tests.DemoTest@7823a2f9]" name="fillSection6" duration-ms="2297" started-at="2016-06-29T17:13:29Z" description="How well are you connected" finished-at="2016-06-29T17:13:31Z">
          <exception class="org.openqa.selenium.ElementNotVisibleException">
            <message>
              <![CDATA[element not visible
  (Session info: chrome=51.0.2704.103)
  (Driver info: chromedriver=2.22.397933 (1cab651507b88dec79b2b2a22d1943c01833cc1b),platform=Windows NT 10.0.10586 x86_64) (WARNING: The server did not provide any stacktrace information)
Command duration or timeout: 50 milliseconds
Build info: version: '2.53.0', revision: '35ae25b', time: '2016-03-15 16:57:40'
System info: host: 'BLACKBUCK', ip: '192.168.2.12', os.name: 'Windows 10', os.arch: 'amd64', os.version: '10.0', java.version: '1.8.0_91'
Driver info: org.openqa.selenium.chrome.ChromeDriver
Capabilities [{applicationCacheEnabled=false, rotatable=false, mobileEmulationEnabled=false, chrome={chromedriverVersion=2.22.397933 (1cab651507b88dec79b2b2a22d1943c01833cc1b), userDataDir=C:\Users\nikhil\AppData\Local\Temp\scoped_dir45020_25722}, takesHeapSnapshot=true, databaseEnabled=false, handlesAlerts=true, hasTouchScreen=false, version=51.0.2704.103, platform=XP, browserConnectionEnabled=false, nativeEvents=true, acceptSslCerts=true, locationContextEnabled=true, webStorageEnabled=true, browserName=chrome, takesScreenshot=true, javascriptEnabled=true, cssSelectorsEnabled=true}]
Session ID: 3109e33786f0f99c889ebcd389918710]]>
            </message>
            <full-stacktrace>
              <![CDATA[org.openqa.selenium.ElementNotVisibleException: element not visible
  (Session info: chrome=51.0.2704.103)
  (Driver info: chromedriver=2.22.397933 (1cab651507b88dec79b2b2a22d1943c01833cc1b),platform=Windows NT 10.0.10586 x86_64) (WARNING: The server did not provide any stacktrace information)
Command duration or timeout: 50 milliseconds
Build info: version: '2.53.0', revision: '35ae25b', time: '2016-03-15 16:57:40'
System info: host: 'BLACKBUCK', ip: '192.168.2.12', os.name: 'Windows 10', os.arch: 'amd64', os.version: '10.0', java.version: '1.8.0_91'
Driver info: org.openqa.selenium.chrome.ChromeDriver
Capabilities [{applicationCacheEnabled=false, rotatable=false, mobileEmulationEnabled=false, chrome={chromedriverVersion=2.22.397933 (1cab651507b88dec79b2b2a22d1943c01833cc1b), userDataDir=C:\Users\nikhil\AppData\Local\Temp\scoped_dir45020_25722}, takesHeapSnapshot=true, databaseEnabled=false, handlesAlerts=true, hasTouchScreen=false, version=51.0.2704.103, platform=XP, browserConnectionEnabled=false, nativeEvents=true, acceptSslCerts=true, locationContextEnabled=true, webStorageEnabled=true, browserName=chrome, takesScreenshot=true, javascriptEnabled=true, cssSelectorsEnabled=true}]
Session ID: 3109e33786f0f99c889ebcd389918710
	at sun.reflect.NativeConstructorAccessorImpl.newInstance0(Native Method)
	at sun.reflect.NativeConstructorAccessorImpl.newInstance(Unknown Source)
	at sun.reflect.DelegatingConstructorAccessorImpl.newInstance(Unknown Source)
	at java.lang.reflect.Constructor.newInstance(Unknown Source)
	at org.openqa.selenium.remote.ErrorHandler.createThrowable(ErrorHandler.java:206)
	at org.openqa.selenium.remote.ErrorHandler.throwIfResponseFailed(ErrorHandler.java:158)
	at org.openqa.selenium.remote.RemoteWebDriver.execute(RemoteWebDriver.java:678)
	at org.openqa.selenium.remote.RemoteWebElement.execute(RemoteWebElement.java:327)
	at org.openqa.selenium.remote.RemoteWebElement.click(RemoteWebElement.java:85)
	at web.ProfilePage.proceedAndSubmit6(ProfilePage.java:154)
	at tests.DemoTest.fillSection6(DemoTest.java:182)
	at sun.reflect.NativeMethodAccessorImpl.invoke0(Native Method)
	at sun.reflect.NativeMethodAccessorImpl.invoke(Unknown Source)
	at sun.reflect.DelegatingMethodAccessorImpl.invoke(Unknown Source)
	at java.lang.reflect.Method.invoke(Unknown Source)
	at org.testng.internal.MethodInvocationHelper.invokeMethod(MethodInvocationHelper.java:86)
	at org.testng.internal.Invoker.invokeMethod(Invoker.java:646)
	at org.testng.internal.Invoker.invokeTestMethod(Invoker.java:823)
	at org.testng.internal.Invoker.invokeTestMethods(Invoker.java:1131)
	at org.testng.internal.TestMethodWorker.invokeTestMethods(TestMethodWorker.java:129)
	at org.testng.internal.TestMethodWorker.run(TestMethodWorker.java:112)
	at org.testng.TestRunner.privateRun(TestRunner.java:778)
	at org.testng.TestRunner.run(TestRunner.java:632)
	at org.testng.SuiteRunner.runTest(SuiteRunner.java:366)
	at org.testng.SuiteRunner.runSequentially(SuiteRunner.java:361)
	at org.testng.SuiteRunner.privateRun(SuiteRunner.java:319)
	at org.testng.SuiteRunner.run(SuiteRunner.java:268)
	at org.testng.SuiteRunnerWorker.runSuite(SuiteRunnerWorker.java:52)
	at org.testng.SuiteRunnerWorker.run(SuiteRunnerWorker.java:86)
	at org.testng.TestNG.runSuitesSequentially(TestNG.java:1225)
	at org.testng.TestNG.runSuitesLocally(TestNG.java:1150)
	at org.testng.TestNG.runSuites(TestNG.java:1075)
	at org.testng.TestNG.run(TestNG.java:1047)
	at org.testng.remote.AbstractRemoteTestNG.run(AbstractRemoteTestNG.java:126)
	at org.testng.remote.RemoteTestNG.initAndRun(RemoteTestNG.java:137)
	at org.testng.remote.RemoteTestNG.main(RemoteTestNG.java:58)
]]>
            </full-stacktrace>
          </exception> <!-- org.openqa.selenium.ElementNotVisibleException -->
          <reporter-output>
          </reporter-output>
        </test-method> <!-- fillSection6 -->
        <test-method status="PASS" signature="closeFireFox()[pri:0, instance:tests.DemoTest@7823a2f9]" name="closeFireFox" is-config="true" duration-ms="0" started-at="2016-06-29T17:13:31Z" finished-at="2016-06-29T17:13:31Z">
          <reporter-output>
          </reporter-output>
        </test-method> <!-- closeFireFox -->
      </class> <!-- tests.DemoTest -->
    </test> <!-- Default test -->
  </suite> <!-- Default suite -->
</testng-results>
